Build started 2014-07-21 오전 11:45:30.
     1>Project "D:\Project\cocos2d-x-2.2.2\cocos2d-x-2.2.2\projects\heros2048\proj.win32\2048heros.vcxproj" on node 2 (build target(s)).
     1>InitializeBuildStatus:
         Touching "Debug.win32\heros2048.unsuccessfulbuild".
       ClCompile:
         C:\Program Files\Microsoft Visual Studio 10.0\VC\bin\CL.exe /c /I"D:\Project\cocos2d-x-2.2.2\cocos2d-x-2.2.2\projects\heros2048\proj.win32\..\..\..\cocos2dx" /I"D:\Project\cocos2d-x-2.2.2\cocos2d-x-2.2.2\projects\heros2048\proj.win32\..\..\..\cocos2dx\include" /I"D:\Project\cocos2d-x-2.2.2\cocos2d-x-2.2.2\projects\heros2048\proj.win32\..\..\..\cocos2dx\kazmath\include" /I"D:\Project\cocos2d-x-2.2.2\cocos2d-x-2.2.2\projects\heros2048\proj.win32\..\..\..\cocos2dx\platform\win32" /I"D:\Project\cocos2d-x-2.2.2\cocos2d-x-2.2.2\projects\heros2048\proj.win32\..\..\..\cocos2dx\platform\third_party\win32" /I"D:\Project\cocos2d-x-2.2.2\cocos2d-x-2.2.2\projects\heros2048\proj.win32\..\..\..\cocos2dx\platform\third_party\win32\OGLES" /I"D:\Project\cocos2d-x-2.2.2\cocos2d-x-2.2.2\projects\heros2048\proj.win32\..\..\..\external" /I"D:\Project\cocos2d-x-2.2.2\cocos2d-x-2.2.2\projects\heros2048\proj.win32\..\..\..\external\chipmunk\include\chipmunk" /I"D:\Project\cocos2d-x-2.2.2\cocos2d-x-2.2.2\projects\heros2048\proj.win32\..\..\..\CocosDenshion\include" /I"D:\Project\cocos2d-x-2.2.2\cocos2d-x-2.2.2\projects\heros2048\proj.win32\..\..\..\extensions" /I..\Classes /I.. /ZI /nologo /W3 /WX- /Od /Oy- /D WIN32 /D _DEBUG /D _WINDOWS /D _USE_MATH_DEFINES /D GL_GLEXT_PROTOTYPES /D CC_ENABLE_CHIPMUNK_INTEGRATION=1 /D COCOS2D_DEBUG=1 /D _CRT_SECURE_NO_WARNINGS /D _SCL_SECURE_NO_WARNINGS /D _UNICODE /D UNICODE /Gm /EHsc /RTC1 /MDd /GS /fp:precise /Zc:wchar_t /Zc:forScope /Fo"Debug.win32\\" /Fd"Debug.win32\vc100.pdb" /Gd /TP /wd4267 /wd4251 /wd4244 /analyze- /errorReport:prompt ..\Classes\IngameScene.cpp
         IngameScene.cpp
     1>d:\project\cocos2d-x-2.2.2\cocos2d-x-2.2.2\cocos2dx\platform\ccsaxparser.h : warning C4819: The file contains a character that cannot be represented in the current code page (949). Save the file in Unicode format to prevent data loss
     1>d:\project\cocos2d-x-2.2.2\cocos2d-x-2.2.2\cocos2dx\platform\ccsaxparser.h : warning C4819: The file contains a character that cannot be represented in the current code page (949). Save the file in Unicode format to prevent data loss
       ManifestResourceCompile:
         All outputs are up-to-date.
       PreLinkEvent:
         if not exist "D:\Project\cocos2d-x-2.2.2\cocos2d-x-2.2.2\projects\heros2048\proj.win32\Debug.win32\" mkdir "D:\Project\cocos2d-x-2.2.2\cocos2d-x-2.2.2\projects\heros2048\proj.win32\Debug.win32\"
         xcopy /Y /Q "D:\Project\cocos2d-x-2.2.2\cocos2d-x-2.2.2\projects\heros2048\proj.win32\..\..\..\external\libwebsockets\win32\lib\*.*" "D:\Project\cocos2d-x-2.2.2\cocos2d-x-2.2.2\projects\heros2048\proj.win32\Debug.win32\"
         :VCEnd
         2개 파일이 복사되었습니다.
       Link:
         C:\Program Files\Microsoft Visual Studio 10.0\VC\bin\link.exe /ERRORREPORT:PROMPT /OUT:"D:\Project\cocos2d-x-2.2.2\cocos2d-x-2.2.2\projects\heros2048\proj.win32\Debug.win32\heros2048.exe" /INCREMENTAL /NOLOGO /LIBPATH:"D:\Project\cocos2d-x-2.2.2\cocos2d-x-2.2.2\projects\heros2048\proj.win32\Debug.win32\\" libExtensions.lib libcocos2d.lib libCocosDenshion.lib opengl32.lib glew32.lib libBox2d.lib libchipmunk.lib libcurl_imp.lib pthreadVCE2.lib websockets.lib kernel32.lib user32.lib gdi32.lib winspool.lib comdlg32.lib advapi32.lib shell32.lib ole32.lib oleaut32.lib uuid.lib odbc32.lib odbccp32.lib /MANIFEST /ManifestFile:"Debug.win32\heros2048.exe.intermediate.manifest" /MANIFESTUAC:"level='asInvoker' uiAccess='false'" /DEBUG /PDB:"D:\Project\cocos2d-x-2.2.2\cocos2d-x-2.2.2\projects\heros2048\proj.win32\Debug.win32\heros2048.pdb" /SUBSYSTEM:WINDOWS /TLBID:1 /DYNAMICBASE /NXCOMPAT /IMPLIB:"D:\Project\cocos2d-x-2.2.2\cocos2d-x-2.2.2\projects\heros2048\proj.win32\Debug.win32\heros2048.lib" /MACHINE:X86 Debug.win32\heros2048.exe.embed.manifest.res
         Debug.win32\AppDelegate.obj
         Debug.win32\HelloWorldScene.obj
         Debug.win32\IngameScene.obj
         Debug.win32\Number.obj
         Debug.win32\TitleScene.obj
         Debug.win32\main.obj
         "D:\Project\cocos2d-x-2.2.2\cocos2d-x-2.2.2\projects\heros2048\proj.win32\Debug.win32\libcocos2d.lib"
         "D:\Project\cocos2d-x-2.2.2\cocos2d-x-2.2.2\projects\heros2048\proj.win32\Debug.win32\libCocosDenshion.lib"
         "D:\Project\cocos2d-x-2.2.2\cocos2d-x-2.2.2\projects\heros2048\proj.win32\Debug.win32\libExtensions.lib"
         "D:\Project\cocos2d-x-2.2.2\cocos2d-x-2.2.2\projects\heros2048\proj.win32\Debug.win32\libBox2D.lib"
         "D:\Project\cocos2d-x-2.2.2\cocos2d-x-2.2.2\projects\heros2048\proj.win32\Debug.win32\libchipmunk.lib"
       Manifest:
         C:\Program Files\Microsoft SDKs\Windows\v7.0A\bin\mt.exe /nologo /verbose /out:"Debug.win32\heros2048.exe.embed.manifest" /manifest Debug.win32\heros2048.exe.intermediate.manifest
         All outputs are up-to-date.
       LinkEmbedManifest:
         All outputs are up-to-date.
         2048heros.vcxproj -> D:\Project\cocos2d-x-2.2.2\cocos2d-x-2.2.2\projects\heros2048\proj.win32\Debug.win32\heros2048.exe
       FinalizeBuildStatus:
         Deleting file "Debug.win32\heros2048.unsuccessfulbuild".
         Touching "Debug.win32\heros2048.lastbuildstate".
     1>Done Building Project "D:\Project\cocos2d-x-2.2.2\cocos2d-x-2.2.2\projects\heros2048\proj.win32\2048heros.vcxproj" (build target(s)).

Build succeeded.

Time Elapsed 00:00:06.26
