D:\PROJECT\COCOS2D-X-2.2.2\COCOS2D-X-2.2.2\PROJECTS\2048HEROS\PROJ.WIN32\DEBUG.WIN32\2048HEROS.EXE
D:\PROJECT\COCOS2D-X-2.2.2\COCOS2D-X-2.2.2\PROJECTS\2048HEROS\PROJ.WIN32\DEBUG.WIN32\2048HEROS.EXE.EMBED.MANIFEST
D:\PROJECT\COCOS2D-X-2.2.2\COCOS2D-X-2.2.2\PROJECTS\2048HEROS\PROJ.WIN32\DEBUG.WIN32\2048HEROS.EXE.EMBED.MANIFEST.RES
D:\PROJECT\COCOS2D-X-2.2.2\COCOS2D-X-2.2.2\PROJECTS\2048HEROS\PROJ.WIN32\DEBUG.WIN32\2048HEROS.EXE.INTERMEDIATE.MANIFEST
D:\PROJECT\COCOS2D-X-2.2.2\COCOS2D-X-2.2.2\PROJECTS\2048HEROS\PROJ.WIN32\DEBUG.WIN32\2048HEROS.ILK
D:\PROJECT\COCOS2D-X-2.2.2\COCOS2D-X-2.2.2\PROJECTS\2048HEROS\PROJ.WIN32\DEBUG.WIN32\2048HEROS.PDB
D:\Project\cocos2d-x-2.2.2\cocos2d-x-2.2.2\projects\2048heros\proj.win32\Debug.win32\2048heros.write.1.tlog
D:\Project\cocos2d-x-2.2.2\cocos2d-x-2.2.2\projects\2048heros\proj.win32\Debug.win32\2048heros_manifest.rc
D:\PROJECT\COCOS2D-X-2.2.2\COCOS2D-X-2.2.2\PROJECTS\2048HEROS\PROJ.WIN32\DEBUG.WIN32\APPDELEGATE.OBJ
D:\Project\cocos2d-x-2.2.2\cocos2d-x-2.2.2\projects\2048heros\proj.win32\Debug.win32\cl.command.1.tlog
D:\Project\cocos2d-x-2.2.2\cocos2d-x-2.2.2\projects\2048heros\proj.win32\Debug.win32\CL.read.1.tlog
D:\Project\cocos2d-x-2.2.2\cocos2d-x-2.2.2\projects\2048heros\proj.win32\Debug.win32\CL.write.1.tlog
D:\PROJECT\COCOS2D-X-2.2.2\COCOS2D-X-2.2.2\PROJECTS\2048HEROS\PROJ.WIN32\DEBUG.WIN32\HELLOWORLDSCENE.OBJ
D:\PROJECT\COCOS2D-X-2.2.2\COCOS2D-X-2.2.2\PROJECTS\2048HEROS\PROJ.WIN32\DEBUG.WIN32\INGAMESCENE.OBJ
D:\Project\cocos2d-x-2.2.2\cocos2d-x-2.2.2\projects\2048heros\proj.win32\Debug.win32\libcocos2d.exp
D:\Project\cocos2d-x-2.2.2\cocos2d-x-2.2.2\projects\2048heros\proj.win32\Debug.win32\libcocos2d.pdb
D:\Project\cocos2d-x-2.2.2\cocos2d-x-2.2.2\projects\2048heros\proj.win32\Debug.win32\libCocosDenshion.exp
D:\Project\cocos2d-x-2.2.2\cocos2d-x-2.2.2\projects\2048heros\proj.win32\Debug.win32\libCocosDenshion.pdb
D:\Project\cocos2d-x-2.2.2\cocos2d-x-2.2.2\projects\2048heros\proj.win32\Debug.win32\link.2636.read.1.tlog
D:\Project\cocos2d-x-2.2.2\cocos2d-x-2.2.2\projects\2048heros\proj.win32\Debug.win32\link.2636.write.1.tlog
D:\Project\cocos2d-x-2.2.2\cocos2d-x-2.2.2\projects\2048heros\proj.win32\Debug.win32\link.2636-cvtres.read.1.tlog
D:\Project\cocos2d-x-2.2.2\cocos2d-x-2.2.2\projects\2048heros\proj.win32\Debug.win32\link.2636-cvtres.write.1.tlog
D:\Project\cocos2d-x-2.2.2\cocos2d-x-2.2.2\projects\2048heros\proj.win32\Debug.win32\link.2964.read.1.tlog
D:\Project\cocos2d-x-2.2.2\cocos2d-x-2.2.2\projects\2048heros\proj.win32\Debug.win32\link.2964.write.1.tlog
D:\Project\cocos2d-x-2.2.2\cocos2d-x-2.2.2\projects\2048heros\proj.win32\Debug.win32\link.2964-cvtres.read.1.tlog
D:\Project\cocos2d-x-2.2.2\cocos2d-x-2.2.2\projects\2048heros\proj.win32\Debug.win32\link.2964-cvtres.write.1.tlog
D:\Project\cocos2d-x-2.2.2\cocos2d-x-2.2.2\projects\2048heros\proj.win32\Debug.win32\link.3036.read.1.tlog
D:\Project\cocos2d-x-2.2.2\cocos2d-x-2.2.2\projects\2048heros\proj.win32\Debug.win32\link.3036.write.1.tlog
D:\Project\cocos2d-x-2.2.2\cocos2d-x-2.2.2\projects\2048heros\proj.win32\Debug.win32\link.3036-cvtres.read.1.tlog
D:\Project\cocos2d-x-2.2.2\cocos2d-x-2.2.2\projects\2048heros\proj.win32\Debug.win32\link.3036-cvtres.write.1.tlog
D:\Project\cocos2d-x-2.2.2\cocos2d-x-2.2.2\projects\2048heros\proj.win32\Debug.win32\link.3224.read.1.tlog
D:\Project\cocos2d-x-2.2.2\cocos2d-x-2.2.2\projects\2048heros\proj.win32\Debug.win32\link.3224.write.1.tlog
D:\Project\cocos2d-x-2.2.2\cocos2d-x-2.2.2\projects\2048heros\proj.win32\Debug.win32\link.3224-cvtres.read.1.tlog
D:\Project\cocos2d-x-2.2.2\cocos2d-x-2.2.2\projects\2048heros\proj.win32\Debug.win32\link.3224-cvtres.write.1.tlog
D:\Project\cocos2d-x-2.2.2\cocos2d-x-2.2.2\projects\2048heros\proj.win32\Debug.win32\link.3956.read.1.tlog
D:\Project\cocos2d-x-2.2.2\cocos2d-x-2.2.2\projects\2048heros\proj.win32\Debug.win32\link.3956.write.1.tlog
D:\Project\cocos2d-x-2.2.2\cocos2d-x-2.2.2\projects\2048heros\proj.win32\Debug.win32\link.3956-cvtres.read.1.tlog
D:\Project\cocos2d-x-2.2.2\cocos2d-x-2.2.2\projects\2048heros\proj.win32\Debug.win32\link.3956-cvtres.write.1.tlog
D:\Project\cocos2d-x-2.2.2\cocos2d-x-2.2.2\projects\2048heros\proj.win32\Debug.win32\link.4160.read.1.tlog
D:\Project\cocos2d-x-2.2.2\cocos2d-x-2.2.2\projects\2048heros\proj.win32\Debug.win32\link.4160.write.1.tlog
D:\Project\cocos2d-x-2.2.2\cocos2d-x-2.2.2\projects\2048heros\proj.win32\Debug.win32\link.4160-cvtres.read.1.tlog
D:\Project\cocos2d-x-2.2.2\cocos2d-x-2.2.2\projects\2048heros\proj.win32\Debug.win32\link.4160-cvtres.write.1.tlog
D:\Project\cocos2d-x-2.2.2\cocos2d-x-2.2.2\projects\2048heros\proj.win32\Debug.win32\link.4924.read.1.tlog
D:\Project\cocos2d-x-2.2.2\cocos2d-x-2.2.2\projects\2048heros\proj.win32\Debug.win32\link.4924.write.1.tlog
D:\Project\cocos2d-x-2.2.2\cocos2d-x-2.2.2\projects\2048heros\proj.win32\Debug.win32\link.4924-cvtres.read.1.tlog
D:\Project\cocos2d-x-2.2.2\cocos2d-x-2.2.2\projects\2048heros\proj.win32\Debug.win32\link.4924-cvtres.write.1.tlog
D:\Project\cocos2d-x-2.2.2\cocos2d-x-2.2.2\projects\2048heros\proj.win32\Debug.win32\link.5112.read.1.tlog
D:\Project\cocos2d-x-2.2.2\cocos2d-x-2.2.2\projects\2048heros\proj.win32\Debug.win32\link.5112.write.1.tlog
D:\Project\cocos2d-x-2.2.2\cocos2d-x-2.2.2\projects\2048heros\proj.win32\Debug.win32\link.5112-cvtres.read.1.tlog
D:\Project\cocos2d-x-2.2.2\cocos2d-x-2.2.2\projects\2048heros\proj.win32\Debug.win32\link.5112-cvtres.write.1.tlog
D:\Project\cocos2d-x-2.2.2\cocos2d-x-2.2.2\projects\2048heros\proj.win32\Debug.win32\link.5296.read.1.tlog
D:\Project\cocos2d-x-2.2.2\cocos2d-x-2.2.2\projects\2048heros\proj.win32\Debug.win32\link.5296.write.1.tlog
D:\Project\cocos2d-x-2.2.2\cocos2d-x-2.2.2\projects\2048heros\proj.win32\Debug.win32\link.5296-cvtres.read.1.tlog
D:\Project\cocos2d-x-2.2.2\cocos2d-x-2.2.2\projects\2048heros\proj.win32\Debug.win32\link.5296-cvtres.write.1.tlog
D:\Project\cocos2d-x-2.2.2\cocos2d-x-2.2.2\projects\2048heros\proj.win32\Debug.win32\link.5684.read.1.tlog
D:\Project\cocos2d-x-2.2.2\cocos2d-x-2.2.2\projects\2048heros\proj.win32\Debug.win32\link.5684.write.1.tlog
D:\Project\cocos2d-x-2.2.2\cocos2d-x-2.2.2\projects\2048heros\proj.win32\Debug.win32\link.5684-cvtres.read.1.tlog
D:\Project\cocos2d-x-2.2.2\cocos2d-x-2.2.2\projects\2048heros\proj.win32\Debug.win32\link.5684-cvtres.write.1.tlog
D:\Project\cocos2d-x-2.2.2\cocos2d-x-2.2.2\projects\2048heros\proj.win32\Debug.win32\link.6020.read.1.tlog
D:\Project\cocos2d-x-2.2.2\cocos2d-x-2.2.2\projects\2048heros\proj.win32\Debug.win32\link.6020.write.1.tlog
D:\Project\cocos2d-x-2.2.2\cocos2d-x-2.2.2\projects\2048heros\proj.win32\Debug.win32\link.6020-cvtres.read.1.tlog
D:\Project\cocos2d-x-2.2.2\cocos2d-x-2.2.2\projects\2048heros\proj.win32\Debug.win32\link.6020-cvtres.write.1.tlog
D:\Project\cocos2d-x-2.2.2\cocos2d-x-2.2.2\projects\2048heros\proj.win32\Debug.win32\link.command.1.tlog
D:\Project\cocos2d-x-2.2.2\cocos2d-x-2.2.2\projects\2048heros\proj.win32\Debug.win32\link.read.1.tlog
D:\Project\cocos2d-x-2.2.2\cocos2d-x-2.2.2\projects\2048heros\proj.win32\Debug.win32\link.write.1.tlog
D:\Project\cocos2d-x-2.2.2\cocos2d-x-2.2.2\projects\2048heros\proj.win32\Debug.win32\link-cvtres.read.1.tlog
D:\Project\cocos2d-x-2.2.2\cocos2d-x-2.2.2\projects\2048heros\proj.win32\Debug.win32\link-cvtres.write.1.tlog
D:\PROJECT\COCOS2D-X-2.2.2\COCOS2D-X-2.2.2\PROJECTS\2048HEROS\PROJ.WIN32\DEBUG.WIN32\MAIN.OBJ
D:\Project\cocos2d-x-2.2.2\cocos2d-x-2.2.2\projects\2048heros\proj.win32\Debug.win32\mt.command.1.tlog
D:\Project\cocos2d-x-2.2.2\cocos2d-x-2.2.2\projects\2048heros\proj.win32\Debug.win32\mt.read.1.tlog
D:\Project\cocos2d-x-2.2.2\cocos2d-x-2.2.2\projects\2048heros\proj.win32\Debug.win32\mt.write.1.tlog
D:\Project\cocos2d-x-2.2.2\cocos2d-x-2.2.2\projects\2048heros\proj.win32\Debug.win32\rc.command.1.tlog
D:\Project\cocos2d-x-2.2.2\cocos2d-x-2.2.2\projects\2048heros\proj.win32\Debug.win32\rc.read.1.tlog
D:\Project\cocos2d-x-2.2.2\cocos2d-x-2.2.2\projects\2048heros\proj.win32\Debug.win32\rc.write.1.tlog
D:\PROJECT\COCOS2D-X-2.2.2\COCOS2D-X-2.2.2\PROJECTS\2048HEROS\PROJ.WIN32\DEBUG.WIN32\TITLESCENE.OBJ
D:\Project\cocos2d-x-2.2.2\cocos2d-x-2.2.2\projects\2048heros\proj.win32\Debug.win32\vc100.idb
D:\PROJECT\COCOS2D-X-2.2.2\COCOS2D-X-2.2.2\PROJECTS\2048HEROS\PROJ.WIN32\DEBUG.WIN32\VC100.PDB
